/home/match-pm/ros2_ws_pm/src/pm_robot_skills/install/pm_skills/lib/python3.10/site-packages/pm_skills/__init__.py
/home/match-pm/ros2_ws_pm/src/pm_robot_skills/install/pm_skills/lib/python3.10/site-packages/pm_skills/test.py
/home/match-pm/ros2_ws_pm/src/pm_robot_skills/install/pm_skills/lib/python3.10/site-packages/pm_skills/test1.py
/home/match-pm/ros2_ws_pm/src/pm_robot_skills/install/pm_skills/lib/python3.10/site-packages/pm_skills/pm_skills.py
/home/match-pm/ros2_ws_pm/src/pm_robot_skills/install/pm_skills/lib/python3.10/site-packages/pm_skills/py_modules/__init__.py
/home/match-pm/ros2_ws_pm/src/pm_robot_skills/install/pm_skills/lib/python3.10/site-packages/pm_skills/py_modules/PmRobotUtils.py
/home/match-pm/ros2_ws_pm/src/pm_robot_skills/install/pm_skills/lib/python3.10/site-packages/pm_skills/__pycache__/__init__.cpython-310.pyc
/home/match-pm/ros2_ws_pm/src/pm_robot_skills/install/pm_skills/lib/python3.10/site-packages/pm_skills/__pycache__/test.cpython-310.pyc
/home/match-pm/ros2_ws_pm/src/pm_robot_skills/install/pm_skills/lib/python3.10/site-packages/pm_skills/__pycache__/test1.cpython-310.pyc
/home/match-pm/ros2_ws_pm/src/pm_robot_skills/install/pm_skills/lib/python3.10/site-packages/pm_skills/__pycache__/pm_skills.cpython-310.pyc
/home/match-pm/ros2_ws_pm/src/pm_robot_skills/install/pm_skills/lib/python3.10/site-packages/pm_skills/py_modules/__pycache__/__init__.cpython-310.pyc
/home/match-pm/ros2_ws_pm/src/pm_robot_skills/install/pm_skills/lib/python3.10/site-packages/pm_skills/py_modules/__pycache__/PmRobotUtils.cpython-310.pyc
/home/match-pm/ros2_ws_pm/src/pm_robot_skills/install/pm_skills/share/ament_index/resource_index/packages/pm_skills
/home/match-pm/ros2_ws_pm/src/pm_robot_skills/install/pm_skills/share/pm_skills/package.xml
/home/match-pm/ros2_ws_pm/src/pm_robot_skills/install/pm_skills/lib/python3.10/site-packages/pm_skills-0.0.0-py3.10.egg-info/zip-safe
/home/match-pm/ros2_ws_pm/src/pm_robot_skills/install/pm_skills/lib/python3.10/site-packages/pm_skills-0.0.0-py3.10.egg-info/dependency_links.txt
/home/match-pm/ros2_ws_pm/src/pm_robot_skills/install/pm_skills/lib/python3.10/site-packages/pm_skills-0.0.0-py3.10.egg-info/top_level.txt
/home/match-pm/ros2_ws_pm/src/pm_robot_skills/install/pm_skills/lib/python3.10/site-packages/pm_skills-0.0.0-py3.10.egg-info/entry_points.txt
/home/match-pm/ros2_ws_pm/src/pm_robot_skills/install/pm_skills/lib/python3.10/site-packages/pm_skills-0.0.0-py3.10.egg-info/SOURCES.txt
/home/match-pm/ros2_ws_pm/src/pm_robot_skills/install/pm_skills/lib/python3.10/site-packages/pm_skills-0.0.0-py3.10.egg-info/requires.txt
/home/match-pm/ros2_ws_pm/src/pm_robot_skills/install/pm_skills/lib/python3.10/site-packages/pm_skills-0.0.0-py3.10.egg-info/PKG-INFO
/home/match-pm/ros2_ws_pm/src/pm_robot_skills/install/pm_skills/lib/pm_skills/pm_skills
