[1.492s] Invoking command in '/home/match-pm/ros2_ws_pm/src/pm_robot_skills/pm_vision_skills': PYTHONPATH=/home/match-pm/ros2_ws_pm/src/pm_robot_skills/build/pm_vision_skills/prefix_override:/usr/lib/python3/dist-packages/colcon_core/task/python/colcon_distutils_commands:/home/match-pm/ros2_ws_pm/src/pm_robot_skills/install/pm_vision_skills/lib/python3.10/site-packages:${PYTHONPATH} /usr/bin/python3 -W ignore:setup.py install is deprecated -W ignore:easy_install command is deprecated setup.py egg_info --egg-base ../build/pm_vision_skills build --build-base /home/match-pm/ros2_ws_pm/src/pm_robot_skills/build/pm_vision_skills/build install --record /home/match-pm/ros2_ws_pm/src/pm_robot_skills/build/pm_vision_skills/install.log --single-version-externally-managed install_data
[1.801s] running egg_info
[1.802s] creating ../build/pm_vision_skills/pm_vision_skills.egg-info
[1.802s] writing ../build/pm_vision_skills/pm_vision_skills.egg-info/PKG-INFO
[1.803s] writing dependency_links to ../build/pm_vision_skills/pm_vision_skills.egg-info/dependency_links.txt
[1.803s] writing entry points to ../build/pm_vision_skills/pm_vision_skills.egg-info/entry_points.txt
[1.803s] writing requirements to ../build/pm_vision_skills/pm_vision_skills.egg-info/requires.txt
[1.803s] writing top-level names to ../build/pm_vision_skills/pm_vision_skills.egg-info/top_level.txt
[1.803s] writing manifest file '../build/pm_vision_skills/pm_vision_skills.egg-info/SOURCES.txt'
[1.805s] reading manifest file '../build/pm_vision_skills/pm_vision_skills.egg-info/SOURCES.txt'
[1.806s] writing manifest file '../build/pm_vision_skills/pm_vision_skills.egg-info/SOURCES.txt'
[1.807s] running build
[1.807s] running build_py
[1.807s] creating /home/match-pm/ros2_ws_pm/src/pm_robot_skills/build/pm_vision_skills/build
[1.807s] creating /home/match-pm/ros2_ws_pm/src/pm_robot_skills/build/pm_vision_skills/build/lib
[1.808s] creating /home/match-pm/ros2_ws_pm/src/pm_robot_skills/build/pm_vision_skills/build/lib/pm_vision_skills
[1.808s] copying pm_vision_skills/__init__.py -> /home/match-pm/ros2_ws_pm/src/pm_robot_skills/build/pm_vision_skills/build/lib/pm_vision_skills
[1.808s] copying pm_vision_skills/pm_vision_skills.py -> /home/match-pm/ros2_ws_pm/src/pm_robot_skills/build/pm_vision_skills/build/lib/pm_vision_skills
[1.808s] running install
[1.808s] running install_lib
[1.808s] creating /home/match-pm/ros2_ws_pm/src/pm_robot_skills/install/pm_vision_skills/lib/python3.10/site-packages/pm_vision_skills
[1.809s] copying /home/match-pm/ros2_ws_pm/src/pm_robot_skills/build/pm_vision_skills/build/lib/pm_vision_skills/__init__.py -> /home/match-pm/ros2_ws_pm/src/pm_robot_skills/install/pm_vision_skills/lib/python3.10/site-packages/pm_vision_skills
[1.809s] copying /home/match-pm/ros2_ws_pm/src/pm_robot_skills/build/pm_vision_skills/build/lib/pm_vision_skills/pm_vision_skills.py -> /home/match-pm/ros2_ws_pm/src/pm_robot_skills/install/pm_vision_skills/lib/python3.10/site-packages/pm_vision_skills
[1.810s] byte-compiling /home/match-pm/ros2_ws_pm/src/pm_robot_skills/install/pm_vision_skills/lib/python3.10/site-packages/pm_vision_skills/__init__.py to __init__.cpython-310.pyc
[1.810s] byte-compiling /home/match-pm/ros2_ws_pm/src/pm_robot_skills/install/pm_vision_skills/lib/python3.10/site-packages/pm_vision_skills/pm_vision_skills.py to pm_vision_skills.cpython-310.pyc
[1.812s] running install_data
[1.812s] creating /home/match-pm/ros2_ws_pm/src/pm_robot_skills/install/pm_vision_skills/share/ament_index
[1.812s] creating /home/match-pm/ros2_ws_pm/src/pm_robot_skills/install/pm_vision_skills/share/ament_index/resource_index
[1.812s] creating /home/match-pm/ros2_ws_pm/src/pm_robot_skills/install/pm_vision_skills/share/ament_index/resource_index/packages
[1.812s] copying resource/pm_vision_skills -> /home/match-pm/ros2_ws_pm/src/pm_robot_skills/install/pm_vision_skills/share/ament_index/resource_index/packages
[1.812s] copying package.xml -> /home/match-pm/ros2_ws_pm/src/pm_robot_skills/install/pm_vision_skills/share/pm_vision_skills
[1.812s] running install_egg_info
[1.814s] Copying ../build/pm_vision_skills/pm_vision_skills.egg-info to /home/match-pm/ros2_ws_pm/src/pm_robot_skills/install/pm_vision_skills/lib/python3.10/site-packages/pm_vision_skills-0.0.0-py3.10.egg-info
[1.815s] running install_scripts
[1.835s] Installing pm_vision_skills script to /home/match-pm/ros2_ws_pm/src/pm_robot_skills/install/pm_vision_skills/lib/pm_vision_skills
[1.836s] writing list of installed files to '/home/match-pm/ros2_ws_pm/src/pm_robot_skills/build/pm_vision_skills/install.log'
[1.861s] Invoked command in '/home/match-pm/ros2_ws_pm/src/pm_robot_skills/pm_vision_skills' returned '0': PYTHONPATH=/home/match-pm/ros2_ws_pm/src/pm_robot_skills/build/pm_vision_skills/prefix_override:/usr/lib/python3/dist-packages/colcon_core/task/python/colcon_distutils_commands:/home/match-pm/ros2_ws_pm/src/pm_robot_skills/install/pm_vision_skills/lib/python3.10/site-packages:${PYTHONPATH} /usr/bin/python3 -W ignore:setup.py install is deprecated -W ignore:easy_install command is deprecated setup.py egg_info --egg-base ../build/pm_vision_skills build --build-base /home/match-pm/ros2_ws_pm/src/pm_robot_skills/build/pm_vision_skills/build install --record /home/match-pm/ros2_ws_pm/src/pm_robot_skills/build/pm_vision_skills/install.log --single-version-externally-managed install_data
