running egg_info
creating ../build/pm_skills/pm_skills.egg-info
writing ../build/pm_skills/pm_skills.egg-info/PKG-INFO
writing dependency_links to ../build/pm_skills/pm_skills.egg-info/dependency_links.txt
writing entry points to ../build/pm_skills/pm_skills.egg-info/entry_points.txt
writing requirements to ../build/pm_skills/pm_skills.egg-info/requires.txt
writing top-level names to ../build/pm_skills/pm_skills.egg-info/top_level.txt
writing manifest file '../build/pm_skills/pm_skills.egg-info/SOURCES.txt'
reading manifest file '../build/pm_skills/pm_skills.egg-info/SOURCES.txt'
writing manifest file '../build/pm_skills/pm_skills.egg-info/SOURCES.txt'
running build
running build_py
creating /home/match-pm/ros2_ws_pm/src/pm_robot_skills/build/pm_skills/build
creating /home/match-pm/ros2_ws_pm/src/pm_robot_skills/build/pm_skills/build/lib
creating /home/match-pm/ros2_ws_pm/src/pm_robot_skills/build/pm_skills/build/lib/pm_skills
copying pm_skills/__init__.py -> /home/match-pm/ros2_ws_pm/src/pm_robot_skills/build/pm_skills/build/lib/pm_skills
copying pm_skills/test.py -> /home/match-pm/ros2_ws_pm/src/pm_robot_skills/build/pm_skills/build/lib/pm_skills
copying pm_skills/test1.py -> /home/match-pm/ros2_ws_pm/src/pm_robot_skills/build/pm_skills/build/lib/pm_skills
copying pm_skills/pm_skills.py -> /home/match-pm/ros2_ws_pm/src/pm_robot_skills/build/pm_skills/build/lib/pm_skills
creating /home/match-pm/ros2_ws_pm/src/pm_robot_skills/build/pm_skills/build/lib/pm_skills/py_modules
copying pm_skills/py_modules/__init__.py -> /home/match-pm/ros2_ws_pm/src/pm_robot_skills/build/pm_skills/build/lib/pm_skills/py_modules
copying pm_skills/py_modules/PmRobotUtils.py -> /home/match-pm/ros2_ws_pm/src/pm_robot_skills/build/pm_skills/build/lib/pm_skills/py_modules
running install
running install_lib
creating /home/match-pm/ros2_ws_pm/src/pm_robot_skills/install/pm_skills/lib/python3.10/site-packages/pm_skills
copying /home/match-pm/ros2_ws_pm/src/pm_robot_skills/build/pm_skills/build/lib/pm_skills/__init__.py -> /home/match-pm/ros2_ws_pm/src/pm_robot_skills/install/pm_skills/lib/python3.10/site-packages/pm_skills
copying /home/match-pm/ros2_ws_pm/src/pm_robot_skills/build/pm_skills/build/lib/pm_skills/test.py -> /home/match-pm/ros2_ws_pm/src/pm_robot_skills/install/pm_skills/lib/python3.10/site-packages/pm_skills
copying /home/match-pm/ros2_ws_pm/src/pm_robot_skills/build/pm_skills/build/lib/pm_skills/test1.py -> /home/match-pm/ros2_ws_pm/src/pm_robot_skills/install/pm_skills/lib/python3.10/site-packages/pm_skills
copying /home/match-pm/ros2_ws_pm/src/pm_robot_skills/build/pm_skills/build/lib/pm_skills/pm_skills.py -> /home/match-pm/ros2_ws_pm/src/pm_robot_skills/install/pm_skills/lib/python3.10/site-packages/pm_skills
creating /home/match-pm/ros2_ws_pm/src/pm_robot_skills/install/pm_skills/lib/python3.10/site-packages/pm_skills/py_modules
copying /home/match-pm/ros2_ws_pm/src/pm_robot_skills/build/pm_skills/build/lib/pm_skills/py_modules/__init__.py -> /home/match-pm/ros2_ws_pm/src/pm_robot_skills/install/pm_skills/lib/python3.10/site-packages/pm_skills/py_modules
copying /home/match-pm/ros2_ws_pm/src/pm_robot_skills/build/pm_skills/build/lib/pm_skills/py_modules/PmRobotUtils.py -> /home/match-pm/ros2_ws_pm/src/pm_robot_skills/install/pm_skills/lib/python3.10/site-packages/pm_skills/py_modules
byte-compiling /home/match-pm/ros2_ws_pm/src/pm_robot_skills/install/pm_skills/lib/python3.10/site-packages/pm_skills/__init__.py to __init__.cpython-310.pyc
byte-compiling /home/match-pm/ros2_ws_pm/src/pm_robot_skills/install/pm_skills/lib/python3.10/site-packages/pm_skills/test.py to test.cpython-310.pyc
byte-compiling /home/match-pm/ros2_ws_pm/src/pm_robot_skills/install/pm_skills/lib/python3.10/site-packages/pm_skills/test1.py to test1.cpython-310.pyc
byte-compiling /home/match-pm/ros2_ws_pm/src/pm_robot_skills/install/pm_skills/lib/python3.10/site-packages/pm_skills/pm_skills.py to pm_skills.cpython-310.pyc
byte-compiling /home/match-pm/ros2_ws_pm/src/pm_robot_skills/install/pm_skills/lib/python3.10/site-packages/pm_skills/py_modules/__init__.py to __init__.cpython-310.pyc
byte-compiling /home/match-pm/ros2_ws_pm/src/pm_robot_skills/install/pm_skills/lib/python3.10/site-packages/pm_skills/py_modules/PmRobotUtils.py to PmRobotUtils.cpython-310.pyc
running install_data
creating /home/match-pm/ros2_ws_pm/src/pm_robot_skills/install/pm_skills/share/ament_index
creating /home/match-pm/ros2_ws_pm/src/pm_robot_skills/install/pm_skills/share/ament_index/resource_index
creating /home/match-pm/ros2_ws_pm/src/pm_robot_skills/install/pm_skills/share/ament_index/resource_index/packages
copying resource/pm_skills -> /home/match-pm/ros2_ws_pm/src/pm_robot_skills/install/pm_skills/share/ament_index/resource_index/packages
copying package.xml -> /home/match-pm/ros2_ws_pm/src/pm_robot_skills/install/pm_skills/share/pm_skills
running install_egg_info
Copying ../build/pm_skills/pm_skills.egg-info to /home/match-pm/ros2_ws_pm/src/pm_robot_skills/install/pm_skills/lib/python3.10/site-packages/pm_skills-0.0.0-py3.10.egg-info
running install_scripts
Installing pm_skills script to /home/match-pm/ros2_ws_pm/src/pm_robot_skills/install/pm_skills/lib/pm_skills
writing list of installed files to '/home/match-pm/ros2_ws_pm/src/pm_robot_skills/build/pm_skills/install.log'
