running egg_info
creating ../build/pm_robot_calibration/pm_robot_calibration.egg-info
writing ../build/pm_robot_calibration/pm_robot_calibration.egg-info/PKG-INFO
writing dependency_links to ../build/pm_robot_calibration/pm_robot_calibration.egg-info/dependency_links.txt
writing entry points to ../build/pm_robot_calibration/pm_robot_calibration.egg-info/entry_points.txt
writing requirements to ../build/pm_robot_calibration/pm_robot_calibration.egg-info/requires.txt
writing top-level names to ../build/pm_robot_calibration/pm_robot_calibration.egg-info/top_level.txt
writing manifest file '../build/pm_robot_calibration/pm_robot_calibration.egg-info/SOURCES.txt'
reading manifest file '../build/pm_robot_calibration/pm_robot_calibration.egg-info/SOURCES.txt'
writing manifest file '../build/pm_robot_calibration/pm_robot_calibration.egg-info/SOURCES.txt'
running build
running build_py
creating /home/match-pm/ros2_ws_pm/src/pm_robot_skills/build/pm_robot_calibration/build
creating /home/match-pm/ros2_ws_pm/src/pm_robot_skills/build/pm_robot_calibration/build/lib
creating /home/match-pm/ros2_ws_pm/src/pm_robot_skills/build/pm_robot_calibration/build/lib/pm_robot_calibration
copying pm_robot_calibration/__init__.py -> /home/match-pm/ros2_ws_pm/src/pm_robot_skills/build/pm_robot_calibration/build/lib/pm_robot_calibration
copying pm_robot_calibration/pm_robot_calibraion.py -> /home/match-pm/ros2_ws_pm/src/pm_robot_skills/build/pm_robot_calibration/build/lib/pm_robot_calibration
running install
running install_lib
creating /home/match-pm/ros2_ws_pm/src/pm_robot_skills/install/pm_robot_calibration/lib/python3.10/site-packages/pm_robot_calibration
copying /home/match-pm/ros2_ws_pm/src/pm_robot_skills/build/pm_robot_calibration/build/lib/pm_robot_calibration/__init__.py -> /home/match-pm/ros2_ws_pm/src/pm_robot_skills/install/pm_robot_calibration/lib/python3.10/site-packages/pm_robot_calibration
copying /home/match-pm/ros2_ws_pm/src/pm_robot_skills/build/pm_robot_calibration/build/lib/pm_robot_calibration/pm_robot_calibraion.py -> /home/match-pm/ros2_ws_pm/src/pm_robot_skills/install/pm_robot_calibration/lib/python3.10/site-packages/pm_robot_calibration
byte-compiling /home/match-pm/ros2_ws_pm/src/pm_robot_skills/install/pm_robot_calibration/lib/python3.10/site-packages/pm_robot_calibration/__init__.py to __init__.cpython-310.pyc
byte-compiling /home/match-pm/ros2_ws_pm/src/pm_robot_skills/install/pm_robot_calibration/lib/python3.10/site-packages/pm_robot_calibration/pm_robot_calibraion.py to pm_robot_calibraion.cpython-310.pyc
running install_data
creating /home/match-pm/ros2_ws_pm/src/pm_robot_skills/install/pm_robot_calibration/share/ament_index
creating /home/match-pm/ros2_ws_pm/src/pm_robot_skills/install/pm_robot_calibration/share/ament_index/resource_index
creating /home/match-pm/ros2_ws_pm/src/pm_robot_skills/install/pm_robot_calibration/share/ament_index/resource_index/packages
copying resource/pm_robot_calibration -> /home/match-pm/ros2_ws_pm/src/pm_robot_skills/install/pm_robot_calibration/share/ament_index/resource_index/packages
copying package.xml -> /home/match-pm/ros2_ws_pm/src/pm_robot_skills/install/pm_robot_calibration/share/pm_robot_calibration
running install_egg_info
Copying ../build/pm_robot_calibration/pm_robot_calibration.egg-info to /home/match-pm/ros2_ws_pm/src/pm_robot_skills/install/pm_robot_calibration/lib/python3.10/site-packages/pm_robot_calibration-0.0.0-py3.10.egg-info
running install_scripts
Installing pm_robot_calibraion script to /home/match-pm/ros2_ws_pm/src/pm_robot_skills/install/pm_robot_calibration/lib/pm_robot_calibration
writing list of installed files to '/home/match-pm/ros2_ws_pm/src/pm_robot_skills/build/pm_robot_calibration/install.log'
